[Licensing::Module] Trying to connect to existing licensing client channel...
Built from '6000.3/staging' branch; Version is '6000.3.4f1 (fdd3b8998ec4) revision 16634808'; Using compiler version '194234433'; Build Type 'Release'
OS: 'Windows 11  (10.0.26200) Professional' Language: 'ru' Physical Memory: 16236 MB
[Licensing::IpcConnector] Successfully connected to: "LicenseClient-03051" at "2026-02-10T13:25:56.4471731Z"
BatchMode: 1, IsHumanControllingUs: 0, StartBugReporterOnCrash: 0, Is64bit: 1
System  architecture: x64
Process architecture: x64
Date: 2026-02-10T13:25:56Z

COMMAND LINE ARGUMENTS:
E:\unity\6000.3.4f1\Editor\Unity.exe
-adb2
-batchMode
-noUpm
-name
AssetImportWorker7
-projectPath
E:/Unity Project/Platformer
-logFile
Logs/AssetImportWorker7.log
-srvPort
65102
-job-worker-count
11
-background-job-worker-count
8
-gc-helper-count
1
-name
AssetImport
Successfully changed project path to: E:/Unity Project/Platformer
E:/Unity Project/Platformer
[UnityMemory] Configuration Parameters - Can be set up in boot.config
    "memorysetup-temp-allocator-size-nav-mesh-worker=65536"
    "memorysetup-temp-allocator-size-audio-worker=65536"
    "memorysetup-temp-allocator-size-gfx=262144"
    "memorysetup-allocator-temp-initial-block-size-main=262144"
    "memorysetup-allocator-temp-initial-block-size-worker=262144"
    "memorysetup-temp-allocator-size-background-worker=32768"
    "memorysetup-temp-allocator-size-job-worker=262144"
    "memorysetup-temp-allocator-size-preload-manager=33554432"
    "memorysetup-temp-allocator-size-gi-baking-worker=262144"
    "memorysetup-temp-allocator-size-gi-baking-worker=262144"
    "memorysetup-temp-allocator-size-gi-baking-worker=262144"
    "memorysetup-temp-allocator-size-gi-baking-worker=262144"
    "memorysetup-temp-allocator-size-gi-baking-worker=262144"
    "memorysetup-bucket-allocator-granularity=16"
    "memorysetup-bucket-allocator-bucket-count=8"
    "memorysetup-bucket-allocator-block-size=33554432"
    "memorysetup-bucket-allocator-block-count=8"
    "memorysetup-main-allocator-block-size=16777216"
    "memorysetup-thread-allocator-block-size=16777216"
    "memorysetup-gfx-main-allocator-block-size=16777216"
    "memorysetup-gfx-thread-allocator-block-size=16777216"
    "memorysetup-cache-allocator-block-size=4194304"
    "memorysetup-typetree-allocator-block-size=2097152"
    "memorysetup-profiler-bucket-allocator-granularity=16"
    "memorysetup-profiler-bucket-allocator-bucket-count=8"
    "memorysetup-profiler-bucket-allocator-block-size=33554432"
    "memorysetup-profiler-bucket-allocator-block-count=8"
    "memorysetup-profiler-allocator-block-size=16777216"
    "memorysetup-profiler-editor-allocator-block-size=1048576"
    "memorysetup-temp-allocator-size-main=16777216"
    "memorysetup-job-temp-allocator-block-size=2097152"
    "memorysetup-job-temp-allocator-block-size-background=1048576"
    "memorysetup-job-temp-allocator-reduction-small-platforms=262144"
    "memorysetup-temp-allocator-size-cloud-worker=32768"
Player connection [34856]  Target information:

Player connection [34856]  * "[IP] 192.168.0.108 [Port] 0 [Flags] 2 [Guid] 2051776754 [EditorId] 2051776754 [Version] 1048832 [Id] WindowsEditor(7,AndrewPC) [Debug] 1 [PackageName] WindowsEditor [ProjectName] Editor" 

Player connection [34856]  * "[IP] 10.0.85.2 [Port] 0 [Flags] 2 [Guid] 2051776754 [EditorId] 2051776754 [Version] 1048832 [Id] WindowsEditor(7,AndrewPC) [Debug] 1 [PackageName] WindowsEditor [ProjectName] Editor" 

Player connection [34856]  * "[IP] 192.168.56.1 [Port] 0 [Flags] 2 [Guid] 2051776754 [EditorId] 2051776754 [Version] 1048832 [Id] WindowsEditor(7,AndrewPC) [Debug] 1 [PackageName] WindowsEditor [ProjectName] Editor" 

Player connection [34856] Host joined multi-casting on [225.0.0.222:54997]...
Player connection [34856] Host joined alternative multi-casting on [225.0.0.222:34997]...
JobSystem: Creating JobQueue using job-worker-count value 11
Input System module state changed to: Initialized.
[Physics::Module] Initialized fallback backend.
[Physics::Module] Id: 0xdecafbad
Library Redirect Path: Library/
[Physics::Module] Selected backend.
[Physics::Module] Name: PhysX
[Physics::Module] Id: 0xf2b8ea05
[Physics::Module] SDK Version: 4.1.2
[Physics::Module] Integration Version: 1.0.0
[Physics::Module] Threading Mode: Multi-Threaded
Refreshing native plugins compatible for Editor in 5.26 ms, found 4 plugins.
Preloading 0 native plugins for Editor in 0.00 ms.
Initialize engine version: 6000.3.4f1 (fdd3b8998ec4)
[Subsystems] Discovering subsystems at path E:/unity/6000.3.4f1/Editor/Data/Resources/UnitySubsystems
[Subsystems] Discovering subsystems at path E:/Unity Project/Platformer/Assets
GfxDevice: creating device client; kGfxThreadingModeNonThreaded
Direct3D:
    Version:  Direct3D 11.0 [level 11.1]
    Renderer: AMD Radeon RX 580 2048SP (ID=0x6fdf)
    Vendor:   ATI
    VRAM:     8170 MB
    Driver:   31.0.12027.9001
Initialize mono
Mono path[0] = 'E:/unity/6000.3.4f1/Editor/Data/Managed'
Mono path[1] = 'E:/unity/6000.3.4f1/Editor/Data/MonoBleedingEdge/lib/mono/unityjit-win32'
Mono config path = 'E:/unity/6000.3.4f1/Editor/Data/MonoBleedingEdge/etc'
Using monoOptions --debugger-agent=transport=dt_socket,embedding=1,server=y,suspend=n,address=127.0.0.1:56932
Begin MonoManager ReloadAssembly
Registering precompiled unity dll's ...
Register platform support module: E:/unity/6000.3.4f1/Editor/Data/PlaybackEngines/WebGLSupport/UnityEditor.WebGL.Extensions.dll
Register platform support module: E:/unity/6000.3.4f1/Editor/Data/PlaybackEngines/WindowsStandaloneSupport/UnityEditor.WindowsStandalone.Extensions.dll
Registered in 0.002068 seconds.
[Licensing::Client] Handshaking with LicensingClient:
  Version:                 1.17.4+4293ba1
  Session Id:              d58d04234f8846ceb209ac6d4c412ac0
  Correlation Id:          e7c43dfb57893d552b85d9e6eeff9526
  External correlation Id: 5976538965824698697
  Machine Id:              fl+u5cdejddwypgSW6GhqK0MRfU=
[Licensing::Module] Successfully connected to LicensingClient on channel: "LicenseClient-03051" (connect: 0.00s, validation: 0.00s, handshake: 2.78s)
[Licensing::IpcConnector] Successfully connected to: "LicenseClient-03051-notifications" at "2026-02-10T13:25:59.2270379Z"
[Licensing::Module] Licensing Background thread has ended after 2.78s
- Loaded All Assemblies, in  1.574 seconds
Native extension for WindowsStandalone target not found
Native extension for WebGL target not found
ScheduleIndexationOnStartup MainProcess:False IndexOnStartup:True
Mono: successfully reloaded assembly
- Finished resetting the current domain, in  0.884 seconds
Domain Reload Profiling: 2456ms
	BeginReloadAssembly (311ms)
		ExecutionOrderSort (0ms)
		DisableScriptedObjects (0ms)
		BackupInstance (0ms)
		ReleaseScriptingObjects (0ms)
		CreateAndSetChildDomain (1ms)
	RebuildCommonClasses (84ms)
	RebuildNativeTypeToScriptingClass (31ms)
	initialDomainReloadingComplete (99ms)
	LoadAllAssembliesAndSetupDomain (1047ms)
		LoadAssemblies (309ms)
		RebuildTransferFunctionScriptingTraits (0ms)
		AnalyzeDomain (1037ms)
			TypeCache.Refresh (1034ms)
				TypeCache.ScanAssembly (1006ms)
			BuildScriptInfoCaches (0ms)
			ResolveRequiredComponents (1ms)
	FinalizeReload (884ms)
		ReleaseScriptCaches (0ms)
		RebuildScriptCaches (0ms)
		SetupLoadedEditorAssemblies (789ms)
			LogAssemblyErrors (0ms)
			InitializePlatformSupportModulesInManaged (96ms)
			SetLoadedEditorAssemblies (9ms)
			BeforeProcessingInitializeOnLoad (192ms)
			ProcessInitializeOnLoadAttributes (326ms)
			ProcessInitializeOnLoadMethodAttributes (166ms)
			AfterProcessingInitializeOnLoad (0ms)
			EditorAssembliesLoaded (0ms)
		ExecutionOrderSort2 (0ms)
		AwakeInstancesAfterBackupRestoration (0ms)
========================================================================
Worker process is ready to serve import requests
Import Worker Mode flag is 0x00
Begin MonoManager ReloadAssembly
[Licensing::Client] Successfully resolved entitlement details
[Licensing::Module] License group:
  Id: 10171059585381-UnityPersXXXX
  Product: Unity Personal
  Type: Assigned
  Expiration: Unlimited
- Loaded All Assemblies, in  2.647 seconds
Refreshing native plugins compatible for Editor in 2.13 ms, found 4 plugins.
Native extension for WindowsStandalone target not found
Native extension for WebGL target not found
Package Manager log level set to [2]
[Package Manager] Failed to launch server process. Reason: Unity was launched with the -noUpm command-line argument
[Package Manager] Unable to send message (not connected to server process).
[Package Manager] Cannot connect to Unity Package Manager local server
ScheduleIndexationOnStartup MainProcess:False IndexOnStartup:True
Mono: successfully reloaded assembly
- Finished resetting the current domain, in  1.869 seconds
Domain Reload Profiling: 4515ms
	BeginReloadAssembly (411ms)
		ExecutionOrderSort (0ms)
		DisableScriptedObjects (15ms)
		BackupInstance (0ms)
		ReleaseScriptingObjects (0ms)
		CreateAndSetChildDomain (69ms)
	RebuildCommonClasses (90ms)
	RebuildNativeTypeToScriptingClass (38ms)
	initialDomainReloadingComplete (81ms)
	LoadAllAssembliesAndSetupDomain (2025ms)
		LoadAssemblies (1675ms)
		RebuildTransferFunctionScriptingTraits (0ms)
		AnalyzeDomain (564ms)
			TypeCache.Refresh (411ms)
				TypeCache.ScanAssembly (377ms)
			BuildScriptInfoCaches (124ms)
			ResolveRequiredComponents (21ms)
	FinalizeReload (1870ms)
		ReleaseScriptCaches (0ms)
		RebuildScriptCaches (0ms)
		SetupLoadedEditorAssemblies (1354ms)
			LogAssemblyErrors (0ms)
			InitializePlatformSupportModulesInManaged (4ms)
			SetLoadedEditorAssemblies (7ms)
			BeforeProcessingInitializeOnLoad (321ms)
			ProcessInitializeOnLoadAttributes (749ms)
			ProcessInitializeOnLoadMethodAttributes (260ms)
			AfterProcessingInitializeOnLoad (13ms)
			EditorAssembliesLoaded (0ms)
		ExecutionOrderSort2 (0ms)
		AwakeInstancesAfterBackupRestoration (16ms)
Launched and connected shader compiler UnityShaderCompiler.exe after 0.03 seconds
Refreshing native plugins compatible for Editor in 3.15 ms, found 4 plugins.
Preloading 0 native plugins for Editor in 0.00 ms.
Unloading 16 Unused Serialized files (Serialized files now loaded: 0)
Unloading 6909 unused Assets / (4.8 MB). Loaded Objects now: 7726.
Memory consumption went from 154.9 MB to 150.1 MB.
Total: 21.025300 ms (FindLiveObjects: 1.592800 ms CreateObjectMapping: 1.513000 ms MarkObjects: 12.222800 ms  DeleteObjects: 5.694700 ms)

========================================================================
Received Import Request.
  Time since last request: 2563.863178 seconds.
  path: Assets/SunnyLand Artwork/Environment/Tileset/tileset-sliced_87.asset
  artifactKey: Guid(4859dbb994e2e7a48a617ec057901e6d) Importer(2089858483,b0f066a214c2f5e87bad3c948f4d605d)
Start importing Assets/SunnyLand Artwork/Environment/Tileset/tileset-sliced_87.asset using Guid(4859dbb994e2e7a48a617ec057901e6d) Importer(2089858483,b0f066a214c2f5e87bad3c948f4d605d) (ScriptedImporter) -> (artifact id: 'e3b356b66d4ecd2f9ffe5b02cdd6b292') in 0.2095294 seconds
Number of updated asset objects reloaded before import = 0Number of asset objects unloaded after import = 2

========================================================================
Received Import Request.
  Time since last request: 0.000043 seconds.
  path: Assets/SunnyLand Artwork/Environment/Tileset/tileset_54.asset
  artifactKey: Guid(6bde23c1297731442991768d5629087f) Importer(2089858483,b0f066a214c2f5e87bad3c948f4d605d)
Start importing Assets/SunnyLand Artwork/Environment/Tileset/tileset_54.asset using Guid(6bde23c1297731442991768d5629087f) Importer(2089858483,b0f066a214c2f5e87bad3c948f4d605d) (ScriptedImporter) -> (artifact id: '82385a2949bb421aa29ca8f1c3be29e2') in 0.0439258 seconds
Number of updated asset objects reloaded before import = 0Number of asset objects unloaded after import = 1

========================================================================
Received Import Request.
  Time since last request: 0.000023 seconds.
  path: Assets/SunnyLand Artwork/Environment/Tileset/tileset-sliced_67.asset
  artifactKey: Guid(119c502018dad434bbdccc32e76491e8) Importer(2089858483,b0f066a214c2f5e87bad3c948f4d605d)
Start importing Assets/SunnyLand Artwork/Environment/Tileset/tileset-sliced_67.asset using Guid(119c502018dad434bbdccc32e76491e8) Importer(2089858483,b0f066a214c2f5e87bad3c948f4d605d) (ScriptedImporter) -> (artifact id: 'a777aa1863991110a0b900f1c5361b61') in 0.019157 seconds
Number of updated asset objects reloaded before import = 0Number of asset objects unloaded after import = 2

========================================================================
Received Import Request.
  Time since last request: 0.000029 seconds.
  path: Assets/SunnyLand Artwork/Sprites/Enemies/bat/bat-fly/bat-fly-Animation.anim
  artifactKey: Guid(6fe3e31b603eba04db447b345c24dd10) Importer(2089858483,b0f066a214c2f5e87bad3c948f4d605d)
Start importing Assets/SunnyLand Artwork/Sprites/Enemies/bat/bat-fly/bat-fly-Animation.anim using Guid(6fe3e31b603eba04db447b345c24dd10) Importer(2089858483,b0f066a214c2f5e87bad3c948f4d605d) (ScriptedImporter) -> (artifact id: '90bf5545aaaf224f05383e68ab05fab0') in 0.0387204 seconds
Number of updated asset objects reloaded before import = 0Number of asset objects unloaded after import = 1

========================================================================
Received Import Request.
  Time since last request: 0.000028 seconds.
  path: Assets/SunnyLand Artwork/Environment/props/crate.png
  artifactKey: Guid(794aa25d484d140d89ea9601c122ece0) Importer(2089858483,b0f066a214c2f5e87bad3c948f4d605d)
Start importing Assets/SunnyLand Artwork/Environment/props/crate.png using Guid(794aa25d484d140d89ea9601c122ece0) Importer(2089858483,b0f066a214c2f5e87bad3c948f4d605d) (ScriptedImporter) -> (artifact id: '611aaae199a1d87cb8e0fa09e1bf931f') in 0.1118415 seconds
Number of updated asset objects reloaded before import = 0Number of asset objects unloaded after import = 3

========================================================================
Received Import Request.
  Time since last request: 0.000038 seconds.
  path: Assets/SunnyLand Artwork/Environment/Tileset/tileset_69.asset
  artifactKey: Guid(b3a355028c924014d974ba485913eaa5) Importer(2089858483,b0f066a214c2f5e87bad3c948f4d605d)
Start importing Assets/SunnyLand Artwork/Environment/Tileset/tileset_69.asset using Guid(b3a355028c924014d974ba485913eaa5) Importer(2089858483,b0f066a214c2f5e87bad3c948f4d605d) (ScriptedImporter) -> (artifact id: '528a3858cb260ac1672de638f7d6c6b5') in 0.0194986 seconds
Number of updated asset objects reloaded before import = 0Number of asset objects unloaded after import = 1

========================================================================
Received Import Request.
  Time since last request: 0.000027 seconds.
  path: Assets/SunnyLand Artwork/Environment/Tileset/tileset-sliced_49.asset
  artifactKey: Guid(5ea81004fce0b8c43b0827f2a8fe1a17) Importer(2089858483,b0f066a214c2f5e87bad3c948f4d605d)
Start importing Assets/SunnyLand Artwork/Environment/Tileset/tileset-sliced_49.asset using Guid(5ea81004fce0b8c43b0827f2a8fe1a17) Importer(2089858483,b0f066a214c2f5e87bad3c948f4d605d) (ScriptedImporter) -> (artifact id: 'dc95c12add888cc3dd2b999b42b3b50c') in 0.0202972 seconds
Number of updated asset objects reloaded before import = 0Number of asset objects unloaded after import = 2

========================================================================
Received Import Request.
  Time since last request: 0.000024 seconds.
  path: Assets/SunnyLand Artwork/Environment/Tileset/tileset_103.asset
  artifactKey: Guid(ce3e37894a4bef04bb6e0dd73eef5bf7) Importer(2089858483,b0f066a214c2f5e87bad3c948f4d605d)
Start importing Assets/SunnyLand Artwork/Environment/Tileset/tileset_103.asset using Guid(ce3e37894a4bef04bb6e0dd73eef5bf7) Importer(2089858483,b0f066a214c2f5e87bad3c948f4d605d) (ScriptedImporter) -> (artifact id: '2164b2381b452f1b649ae6e818b9a61b') in 0.0179328 seconds
Number of updated asset objects reloaded before import = 0Number of asset objects unloaded after import = 1

========================================================================
Received Import Request.
  Time since last request: 0.000034 seconds.
  path: Assets/SunnyLand Artwork/Environment/Tileset/tileset-sliced_62.asset
  artifactKey: Guid(8eeb48ed30f7a1542b6cfeb217ae36f2) Importer(2089858483,b0f066a214c2f5e87bad3c948f4d605d)
Start importing Assets/SunnyLand Artwork/Environment/Tileset/tileset-sliced_62.asset using Guid(8eeb48ed30f7a1542b6cfeb217ae36f2) Importer(2089858483,b0f066a214c2f5e87bad3c948f4d605d) (ScriptedImporter) -> (artifact id: '9afd020367ed0d4b7a92f8d8389b6cc1') in 0.0186474 seconds
Number of updated asset objects reloaded before import = 0Number of asset objects unloaded after import = 2

========================================================================
Received Import Request.
  Time since last request: 0.000036 seconds.
  path: Assets/SunnyLand Artwork/Environment/Tileset/tileset_117.asset
  artifactKey: Guid(538f29f9196545b4fbaae26f096930e5) Importer(2089858483,b0f066a214c2f5e87bad3c948f4d605d)
Start importing Assets/SunnyLand Artwork/Environment/Tileset/tileset_117.asset using Guid(538f29f9196545b4fbaae26f096930e5) Importer(2089858483,b0f066a214c2f5e87bad3c948f4d605d) (ScriptedImporter) -> (artifact id: '1d0098d3b59a6de2b493575ab00c6fc1') in 0.0175181 seconds
Number of updated asset objects reloaded before import = 0Number of asset objects unloaded after import = 1

========================================================================
Received Import Request.
  Time since last request: 0.000030 seconds.
  path: Assets/SunnyLand Artwork/Sprites/player/crouch/player-crouch-2.png
  artifactKey: Guid(448d57c5e4c694686badaba281a6adff) Importer(2089858483,b0f066a214c2f5e87bad3c948f4d605d)
Start importing Assets/SunnyLand Artwork/Sprites/player/crouch/player-crouch-2.png using Guid(448d57c5e4c694686badaba281a6adff) Importer(2089858483,b0f066a214c2f5e87bad3c948f4d605d) (ScriptedImporter) -> (artifact id: '54310274c42ade4c0dae67788f0ff94f') in 0.0237089 seconds
Number of updated asset objects reloaded before import = 0Number of asset objects unloaded after import = 3

========================================================================
Received Import Request.
  Time since last request: 0.000022 seconds.
  path: Assets/SunnyLand Artwork/Environment/Tileset/tileset_74.asset
  artifactKey: Guid(4f4069c0ffc7b094693aa23267b44e26) Importer(2089858483,b0f066a214c2f5e87bad3c948f4d605d)
Start importing Assets/SunnyLand Artwork/Environment/Tileset/tileset_74.asset using Guid(4f4069c0ffc7b094693aa23267b44e26) Importer(2089858483,b0f066a214c2f5e87bad3c948f4d605d) (ScriptedImporter) -> (artifact id: 'e22b84c0a7bb0e0064f5b3d02231cc12') in 0.020158 seconds
Number of updated asset objects reloaded before import = 0Number of asset objects unloaded after import = 1

========================================================================
Received Import Request.
  Time since last request: 0.000024 seconds.
  path: Assets/SunnyLand Artwork/Environment/Tileset/tileset_88.asset
  artifactKey: Guid(1d82ecb383d55fe4e90c91725de4131b) Importer(2089858483,b0f066a214c2f5e87bad3c948f4d605d)
Start importing Assets/SunnyLand Artwork/Environment/Tileset/tileset_88.asset using Guid(1d82ecb383d55fe4e90c91725de4131b) Importer(2089858483,b0f066a214c2f5e87bad3c948f4d605d) (ScriptedImporter) -> (artifact id: 'a895de33d8bf3771fef4bc94e2442e21') in 0.01894 seconds
Number of updated asset objects reloaded before import = 0Number of asset objects unloaded after import = 1

========================================================================
Received Import Request.
  Time since last request: 0.000036 seconds.
  path: Assets/SunnyLand Artwork/Environment/middle.png
  artifactKey: Guid(de41d366c687a46beb6a9acaa88c12db) Importer(2089858483,b0f066a214c2f5e87bad3c948f4d605d)
Start importing Assets/SunnyLand Artwork/Environment/middle.png using Guid(de41d366c687a46beb6a9acaa88c12db) Importer(2089858483,b0f066a214c2f5e87bad3c948f4d605d) (ScriptedImporter) -> (artifact id: 'a6d56cf714081a563ee37d171a3f0f32') in 0.0277705 seconds
Number of updated asset objects reloaded before import = 0Number of asset objects unloaded after import = 3

========================================================================
Received Import Request.
  Time since last request: 0.000022 seconds.
  path: Assets/SunnyLand Artwork/Sprites/Enemies/Vulture
  artifactKey: Guid(d429392ee7c34c346be332d0c9e2ac44) Importer(2089858483,b0f066a214c2f5e87bad3c948f4d605d)
Start importing Assets/SunnyLand Artwork/Sprites/Enemies/Vulture using Guid(d429392ee7c34c346be332d0c9e2ac44) Importer(2089858483,b0f066a214c2f5e87bad3c948f4d605d) (ScriptedImporter) -> (artifact id: '5ab1fd036a9c2235fb2d335e167453ca') in 0.0148774 seconds
Number of updated asset objects reloaded before import = 0Number of asset objects unloaded after import = 1

========================================================================
Received Import Request.
  Time since last request: 0.000024 seconds.
  path: Assets/SunnyLand Artwork/Environment/Tileset/tileset_114.asset
  artifactKey: Guid(7d073cef00ca2534881a7bb2d13e988e) Importer(2089858483,b0f066a214c2f5e87bad3c948f4d605d)
Start importing Assets/SunnyLand Artwork/Environment/Tileset/tileset_114.asset using Guid(7d073cef00ca2534881a7bb2d13e988e) Importer(2089858483,b0f066a214c2f5e87bad3c948f4d605d) (ScriptedImporter) -> (artifact id: '7f5fb7fce37f5f938761216e6e13f3a9') in 0.0177667 seconds
Number of updated asset objects reloaded before import = 0Number of asset objects unloaded after import = 1

========================================================================
Received Import Request.
  Time since last request: 0.000023 seconds.
  path: Assets/SunnyLand Artwork/Sprites/Enemies/Slimer-Idle/slimer-idle5.png
  artifactKey: Guid(10994ce0c6eebb049ba7eb0d3d7a00ba) Importer(2089858483,b0f066a214c2f5e87bad3c948f4d605d)
Start importing Assets/SunnyLand Artwork/Sprites/Enemies/Slimer-Idle/slimer-idle5.png using Guid(10994ce0c6eebb049ba7eb0d3d7a00ba) Importer(2089858483,b0f066a214c2f5e87bad3c948f4d605d) (ScriptedImporter) -> (artifact id: 'c5bb1e254a1b3ca7e987ba4b96d159ac') in 0.0249051 seconds
Number of updated asset objects reloaded before import = 0Number of asset objects unloaded after import = 3

========================================================================
Received Import Request.
  Time since last request: 0.000033 seconds.
  path: Assets/SunnyLand Artwork/Environment/Tileset/tileset-sliced_112.asset
  artifactKey: Guid(ce280b8864d26644192ff34f7082bbd5) Importer(2089858483,b0f066a214c2f5e87bad3c948f4d605d)
Start importing Assets/SunnyLand Artwork/Environment/Tileset/tileset-sliced_112.asset using Guid(ce280b8864d26644192ff34f7082bbd5) Importer(2089858483,b0f066a214c2f5e87bad3c948f4d605d) (ScriptedImporter) -> (artifact id: '3c2961b232f58c431351ee756cb8a3f4') in 0.0158683 seconds
Number of updated asset objects reloaded before import = 0Number of asset objects unloaded after import = 2

========================================================================
Received Import Request.
  Time since last request: 0.000022 seconds.
  path: Assets/SunnyLand Artwork/Sprites/player/climb
  artifactKey: Guid(dc73f951b664d4f40a2fcda33eea4adb) Importer(2089858483,b0f066a214c2f5e87bad3c948f4d605d)
Start importing Assets/SunnyLand Artwork/Sprites/player/climb using Guid(dc73f951b664d4f40a2fcda33eea4adb) Importer(2089858483,b0f066a214c2f5e87bad3c948f4d605d) (ScriptedImporter) -> (artifact id: '6c0f6eb20f1a9b929545486bd265261b') in 0.0154745 seconds
Number of updated asset objects reloaded before import = 0Number of asset objects unloaded after import = 1

========================================================================
Received Import Request.
  Time since last request: 0.000020 seconds.
  path: Assets/SunnyLand Artwork/Music tracks/Maniac.ogg
  artifactKey: Guid(596e0f53d0760684897f73aa6d85324a) Importer(2089858483,b0f066a214c2f5e87bad3c948f4d605d)
Start importing Assets/SunnyLand Artwork/Music tracks/Maniac.ogg using Guid(596e0f53d0760684897f73aa6d85324a) Importer(2089858483,b0f066a214c2f5e87bad3c948f4d605d) (ScriptedImporter) -> (artifact id: '25e717ffed30db74ee3f0378edc9b4fd') in 0.4929402 seconds
Number of updated asset objects reloaded before import = 0Number of asset objects unloaded after import = 1

========================================================================
Received Import Request.
  Time since last request: 0.000028 seconds.
  path: Assets/SunnyLand Artwork/Sprites/Enemies/bunny/bunny1.png
  artifactKey: Guid(e0aab8ef7a3e2664c9a41888a276b862) Importer(2089858483,b0f066a214c2f5e87bad3c948f4d605d)
Start importing Assets/SunnyLand Artwork/Sprites/Enemies/bunny/bunny1.png using Guid(e0aab8ef7a3e2664c9a41888a276b862) Importer(2089858483,b0f066a214c2f5e87bad3c948f4d605d) (ScriptedImporter) -> (artifact id: '0b52bf2e64ede672e3df97ab237042a1') in 0.0275796 seconds
Number of updated asset objects reloaded before import = 0Number of asset objects unloaded after import = 3

========================================================================
Received Import Request.
  Time since last request: 0.000035 seconds.
  path: Assets/SunnyLand Artwork/Sprites/Enemies/bat/bat-hang/bat-hang3.png
  artifactKey: Guid(2a3d9bc1b0c14f44a98ed352ba9dc8ac) Importer(2089858483,b0f066a214c2f5e87bad3c948f4d605d)
Start importing Assets/SunnyLand Artwork/Sprites/Enemies/bat/bat-hang/bat-hang3.png using Guid(2a3d9bc1b0c14f44a98ed352ba9dc8ac) Importer(2089858483,b0f066a214c2f5e87bad3c948f4d605d) (ScriptedImporter) -> (artifact id: 'a5a81f02d8ceb06b40942610ccb88656') in 0.0240165 seconds
Number of updated asset objects reloaded before import = 0Number of asset objects unloaded after import = 3

========================================================================
Received Import Request.
  Time since last request: 0.000023 seconds.
  path: Assets/SunnyLand Artwork/Sprites/Items/gem/gem-4.png
  artifactKey: Guid(5f35659c40d6a435fade670c478a52b1) Importer(2089858483,b0f066a214c2f5e87bad3c948f4d605d)
Start importing Assets/SunnyLand Artwork/Sprites/Items/gem/gem-4.png using Guid(5f35659c40d6a435fade670c478a52b1) Importer(2089858483,b0f066a214c2f5e87bad3c948f4d605d) (ScriptedImporter) -> (artifact id: '7654ea8aa6bbcab9e904d89d8cb51040') in 0.0290498 seconds
Number of updated asset objects reloaded before import = 0Number of asset objects unloaded after import = 3

========================================================================
Received Import Request.
  Time since last request: 0.000024 seconds.
  path: Assets/SunnyLand Artwork/Sprites/Enemies/Bettle/Bettle-Animation.anim
  artifactKey: Guid(6432468398cdf1c40ac4984c7e6a7677) Importer(2089858483,b0f066a214c2f5e87bad3c948f4d605d)
Start importing Assets/SunnyLand Artwork/Sprites/Enemies/Bettle/Bettle-Animation.anim using Guid(6432468398cdf1c40ac4984c7e6a7677) Importer(2089858483,b0f066a214c2f5e87bad3c948f4d605d) (ScriptedImporter) -> (artifact id: 'fa0da7b4564701a519fffc597b700cee') in 0.020744 seconds
Number of updated asset objects reloaded before import = 0Number of asset objects unloaded after import = 1

========================================================================
Received Import Request.
  Time since last request: 0.000024 seconds.
  path: Assets/SunnyLand Artwork/Environment/Tileset/tileset-sliced_109.asset
  artifactKey: Guid(88ebfe9a21771ba4abbdad7e0e8cde1f) Importer(2089858483,b0f066a214c2f5e87bad3c948f4d605d)
Start importing Assets/SunnyLand Artwork/Environment/Tileset/tileset-sliced_109.asset using Guid(88ebfe9a21771ba4abbdad7e0e8cde1f) Importer(2089858483,b0f066a214c2f5e87bad3c948f4d605d) (ScriptedImporter) -> (artifact id: '2bc4ec7dc0dc664c82d841fb7ee4ae49') in 0.018985 seconds
Number of updated asset objects reloaded before import = 0Number of asset objects unloaded after import = 2

========================================================================
Received Import Request.
  Time since last request: 0.000035 seconds.
  path: Assets/SunnyLand Artwork/Sprites/player/run/run-Animation.anim
  artifactKey: Guid(dc8c1a16f7ce5a94fa620ee313ea89b5) Importer(2089858483,b0f066a214c2f5e87bad3c948f4d605d)
Start importing Assets/SunnyLand Artwork/Sprites/player/run/run-Animation.anim using Guid(dc8c1a16f7ce5a94fa620ee313ea89b5) Importer(2089858483,b0f066a214c2f5e87bad3c948f4d605d) (ScriptedImporter) -> (artifact id: '66288e61c25818bd5326234d72d44ab2') in 0.0190781 seconds
Number of updated asset objects reloaded before import = 0Number of asset objects unloaded after import = 1

========================================================================
Received Import Request.
  Time since last request: 0.000022 seconds.
  path: Assets/SunnyLand Artwork/Sprites/Enemies/Vulture-Idle/vulture-idle2.png
  artifactKey: Guid(e5c3e4adc48c9a14fa06d72378bce3b5) Importer(2089858483,b0f066a214c2f5e87bad3c948f4d605d)
Start importing Assets/SunnyLand Artwork/Sprites/Enemies/Vulture-Idle/vulture-idle2.png using Guid(e5c3e4adc48c9a14fa06d72378bce3b5) Importer(2089858483,b0f066a214c2f5e87bad3c948f4d605d) (ScriptedImporter) -> (artifact id: '765cc706d78bebd25f051a01cec8eb31') in 0.0265664 seconds
Number of updated asset objects reloaded before import = 0Number of asset objects unloaded after import = 3

========================================================================
Received Import Request.
  Time since last request: 0.000027 seconds.
  path: Assets/SunnyLand Artwork/Environment/props/crank-up.png
  artifactKey: Guid(441a2d89600064d4d9ced045b19d0ae6) Importer(2089858483,b0f066a214c2f5e87bad3c948f4d605d)
Start importing Assets/SunnyLand Artwork/Environment/props/crank-up.png using Guid(441a2d89600064d4d9ced045b19d0ae6) Importer(2089858483,b0f066a214c2f5e87bad3c948f4d605d) (ScriptedImporter) -> (artifact id: '261df0deab145324cedb0ad743c0d5e1') in 0.025031 seconds
Number of updated asset objects reloaded before import = 0Number of asset objects unloaded after import = 3

========================================================================
Received Import Request.
  Time since last request: 0.000027 seconds.
  path: Assets/SunnyLand Artwork/Environment/Tileset/tileset-sliced_111.asset
  artifactKey: Guid(9eda67683fc37264da2456a2a6d1501e) Importer(2089858483,b0f066a214c2f5e87bad3c948f4d605d)
Start importing Assets/SunnyLand Artwork/Environment/Tileset/tileset-sliced_111.asset using Guid(9eda67683fc37264da2456a2a6d1501e) Importer(2089858483,b0f066a214c2f5e87bad3c948f4d605d) (ScriptedImporter) -> (artifact id: 'fdba24a48f64245f92d599740be2b78a') in 0.0188926 seconds
Number of updated asset objects reloaded before import = 0Number of asset objects unloaded after import = 2

========================================================================
Received Import Request.
  Time since last request: 0.000036 seconds.
  path: Assets/SunnyLand Artwork/Sprites/Enemies/Dino-Idle/dino-idle1.png
  artifactKey: Guid(671a594cd6415e04ba0bf26a8eae3621) Importer(2089858483,b0f066a214c2f5e87bad3c948f4d605d)
Start importing Assets/SunnyLand Artwork/Sprites/Enemies/Dino-Idle/dino-idle1.png using Guid(671a594cd6415e04ba0bf26a8eae3621) Importer(2089858483,b0f066a214c2f5e87bad3c948f4d605d) (ScriptedImporter) -> (artifact id: '75e8e1f8f61f2d6db8d698c4f8ada2e0') in 0.0243685 seconds
Number of updated asset objects reloaded before import = 0Number of asset objects unloaded after import = 3

Editor requested this worker to shutdown with reason: Scaling down because of idle timeout
AssetImportWorker is now disconnected from the server
Process exiting
Exiting without the bug reporter. Application will terminate with return code 0